2019-07-23 18:38:13,543:INFO: Loading the datasets...
2019-07-23 18:38:13,579:INFO: - done.
2019-07-23 18:40:51,589:INFO: Loading the datasets...
2019-07-23 18:40:51,612:INFO: - done.
2019-07-23 18:40:53,971:INFO: Starting training for 10 epoch(s)
2019-07-23 18:40:53,971:INFO: Epoch 1/10
2019-07-23 18:44:26,145:INFO: Loading the datasets...
2019-07-23 18:44:26,161:INFO: - done.
2019-07-23 18:44:28,229:INFO: Starting training for 10 epoch(s)
2019-07-23 18:44:28,229:INFO: Epoch 1/10
2019-07-23 18:57:31,717:INFO: Loading the datasets...
2019-07-23 18:57:31,725:INFO: - done.
2019-07-23 18:57:33,859:INFO: Starting training for 10 epoch(s)
2019-07-23 18:57:33,859:INFO: Epoch 1/10
2019-07-23 19:01:47,697:INFO: Loading the datasets...
2019-07-23 19:01:47,703:INFO: - done.
2019-07-23 19:01:49,730:INFO: Starting training for 10 epoch(s)
2019-07-23 19:01:49,730:INFO: Epoch 1/10
2019-07-23 19:03:57,451:INFO: Loading the datasets...
2019-07-23 19:03:57,460:INFO: - done.
2019-07-23 19:03:59,586:INFO: Starting training for 10 epoch(s)
2019-07-23 19:03:59,586:INFO: Epoch 1/10
2019-07-23 19:04:09,668:INFO: - Train metrics: accuracy: 0.250 ; loss: 0.917
2019-07-23 19:04:14,541:INFO: - Eval metrics : accuracy: 0.613 ; loss: 0.671
2019-07-23 19:04:15,507:INFO: - Found new best accuracy
2019-07-23 19:04:15,511:INFO: Epoch 2/10
2019-07-23 19:04:25,165:INFO: - Train metrics: accuracy: 0.375 ; loss: 0.720
2019-07-23 19:04:30,032:INFO: - Eval metrics : accuracy: 0.613 ; loss: 0.668
2019-07-23 19:04:30,902:INFO: - Found new best accuracy
2019-07-23 19:04:30,906:INFO: Epoch 3/10
2019-07-23 19:04:40,563:INFO: - Train metrics: accuracy: 0.500 ; loss: 0.748
2019-07-23 19:04:45,420:INFO: - Eval metrics : accuracy: 0.613 ; loss: 0.665
2019-07-23 19:04:46,103:INFO: - Found new best accuracy
2019-07-23 19:04:46,119:INFO: Epoch 4/10
2019-07-23 19:05:55,402:INFO: Loading the datasets...
2019-07-23 19:05:55,406:INFO: - done.
2019-07-23 19:05:57,528:INFO: Starting training for 10 epoch(s)
2019-07-23 19:05:57,528:INFO: Epoch 1/10
2019-07-23 19:14:02,037:INFO: Loading the datasets...
2019-07-23 19:14:02,043:INFO: - done.
2019-07-23 19:14:04,065:INFO: Starting training for 10 epoch(s)
2019-07-23 19:14:04,065:INFO: Epoch 1/10
2019-07-23 19:14:41,580:INFO: Loading the datasets...
2019-07-23 19:14:41,585:INFO: - done.
2019-07-23 19:14:43,664:INFO: Starting training for 10 epoch(s)
2019-07-23 19:14:43,664:INFO: Epoch 1/10
2019-07-23 19:14:53,625:INFO: - Train metrics: accuracy: 0.750 ; loss: 0.568
2019-07-23 19:15:50,864:INFO: Loading the datasets...
2019-07-23 19:15:50,870:INFO: - done.
2019-07-23 19:15:53,034:INFO: Starting training for 10 epoch(s)
2019-07-23 19:15:53,034:INFO: Epoch 1/10
2019-07-23 19:16:03,032:INFO: - Train metrics: accuracy: 0.750 ; loss: 0.564
2019-07-23 19:17:28,046:INFO: Loading the datasets...
2019-07-23 19:17:28,052:INFO: - done.
2019-07-23 19:17:30,200:INFO: Starting training for 10 epoch(s)
2019-07-23 19:17:30,200:INFO: Epoch 1/10
2019-07-23 19:17:40,140:INFO: - Train metrics: accuracy: 0.750 ; loss: 0.572
2019-07-23 19:17:45,268:INFO: - Eval metrics : accuracy: 0.613 ; loss: 0.670
2019-07-23 19:17:45,993:INFO: - Found new best accuracy
2019-07-23 19:17:45,997:INFO: Epoch 2/10
2019-07-23 19:17:55,688:INFO: - Train metrics: accuracy: 0.500 ; loss: 0.730
2019-07-23 19:18:00,573:INFO: - Eval metrics : accuracy: 0.586 ; loss: 0.679
2019-07-23 19:18:01,004:INFO: Epoch 3/10
2019-07-23 19:18:24,111:INFO: Loading the datasets...
2019-07-23 19:18:24,114:INFO: - done.
2019-07-23 19:18:43,547:INFO: Loading the datasets...
2019-07-23 19:18:43,552:INFO: - done.
2019-07-23 19:18:51,229:INFO: Loading the datasets...
2019-07-23 19:18:51,233:INFO: - done.
2019-07-23 19:18:53,635:INFO: Starting training for 10 epoch(s)
2019-07-23 19:18:53,635:INFO: Epoch 1/10
2019-07-23 19:19:03,996:INFO: - Train metrics: accuracy: 0.625 ; loss: 0.680
2019-07-23 19:19:08,969:INFO: - Eval metrics : accuracy: 0.613 ; loss: 0.675
2019-07-23 19:19:09,953:INFO: - Found new best accuracy
2019-07-23 19:19:09,957:INFO: Epoch 2/10
2019-07-23 19:19:20,156:INFO: - Train metrics: accuracy: 0.875 ; loss: 0.467
2019-07-23 19:19:25,609:INFO: - Eval metrics : accuracy: 0.484 ; loss: 0.697
2019-07-23 19:19:26,170:INFO: Epoch 3/10
2019-07-23 19:19:36,364:INFO: - Train metrics: accuracy: 0.500 ; loss: 0.698
2019-07-23 19:19:41,355:INFO: - Eval metrics : accuracy: 0.473 ; loss: 0.699
2019-07-23 19:19:41,938:INFO: Epoch 4/10
2019-07-23 19:19:52,150:INFO: - Train metrics: accuracy: 0.500 ; loss: 0.701
2019-07-23 23:40:19,927:INFO: Loading the datasets...
2019-07-23 23:40:19,934:INFO: - done.
2019-07-23 23:40:22,296:INFO: Starting training for 10 epoch(s)
2019-07-23 23:40:22,296:INFO: Epoch 1/10
2019-07-23 23:40:32,607:INFO: - Train metrics: accuracy: 0.625 ; loss: 0.690
2019-07-23 23:40:37,585:INFO: - Eval metrics : accuracy: 0.613 ; loss: 0.670
2019-07-23 23:40:38,283:INFO: - Found new best accuracy
2019-07-23 23:40:38,288:INFO: Epoch 2/10
2019-07-23 23:40:44,805:INFO: Loading the datasets...
2019-07-23 23:40:44,810:INFO: - done.
2019-07-23 23:40:47,205:INFO: Starting training for 10 epoch(s)
2019-07-23 23:40:47,205:INFO: Epoch 1/10
2019-07-23 23:45:03,466:INFO: Loading the datasets...
2019-07-23 23:45:03,474:INFO: - done.
2019-07-23 23:45:05,908:INFO: Starting training for 10 epoch(s)
2019-07-23 23:45:05,908:INFO: Epoch 1/10
2019-07-24 16:07:06,291:INFO: Loading the datasets...
2019-07-24 16:07:06,518:INFO: - done.
2019-07-24 16:07:09,744:INFO: Starting training for 100 epoch(s)
2019-07-24 16:07:09,744:INFO: Epoch 1/100
2019-07-24 16:07:59,034:INFO: - Train metrics: accuracy: 0.500 ; loss: 0.754
2019-07-24 16:08:04,021:INFO: - Eval metrics : accuracy: 0.431 ; loss: 0.696
2019-07-24 16:08:04,700:INFO: - Found new best accuracy
2019-07-24 16:08:04,722:INFO: Epoch 2/100
2019-07-24 16:08:42,740:INFO: - Train metrics: accuracy: 0.469 ; loss: 0.688
2019-07-24 16:08:48,491:INFO: - Eval metrics : accuracy: 0.512 ; loss: 0.696
2019-07-24 16:08:49,213:INFO: - Found new best accuracy
2019-07-24 16:08:49,216:INFO: Epoch 3/100
2019-07-24 16:09:29,183:INFO: - Train metrics: accuracy: 0.469 ; loss: 0.691
2019-07-24 16:09:33,771:INFO: - Eval metrics : accuracy: 0.458 ; loss: 0.697
2019-07-24 16:09:34,389:INFO: Epoch 4/100
2019-07-24 16:27:59,268:INFO: Loading the datasets...
2019-07-24 16:27:59,275:INFO: - done.
2019-07-24 16:28:01,684:INFO: Starting training for 100 epoch(s)
2019-07-24 16:29:02,604:INFO: Loading the datasets...
2019-07-24 16:29:02,611:INFO: - done.
2019-07-24 16:29:04,817:INFO: Starting training for 100 epoch(s)
2019-07-24 16:29:04,818:INFO: Epoch 1/100
2019-07-24 16:29:48,425:INFO: - Train metrics: accuracy: 0.500 ; loss: 0.768
2019-07-24 16:29:54,616:INFO: - Eval metrics : accuracy: 0.477 ; loss: 0.694
2019-07-24 16:29:56,974:INFO: - Found new best accuracy
2019-07-24 16:29:56,985:INFO: Epoch 2/100
2019-07-24 16:30:28,811:INFO: - Train metrics: accuracy: 0.500 ; loss: 0.691
2019-07-24 16:30:33,962:INFO: - Eval metrics : accuracy: 0.519 ; loss: 0.695
2019-07-24 16:30:35,067:INFO: - Found new best accuracy
2019-07-24 16:30:35,071:INFO: Epoch 3/100
2019-07-24 16:31:25,630:INFO: - Train metrics: accuracy: 0.500 ; loss: 0.690
2019-07-24 16:31:30,591:INFO: - Eval metrics : accuracy: 0.452 ; loss: 0.695
2019-07-24 16:31:31,172:INFO: Epoch 4/100
2019-07-24 16:32:04,216:INFO: - Train metrics: accuracy: 0.500 ; loss: 0.692
2019-07-24 16:32:08,045:INFO: - Eval metrics : accuracy: 0.442 ; loss: 0.695
2019-07-24 16:32:09,800:INFO: Epoch 5/100
2019-07-24 16:32:47,459:INFO: - Train metrics: accuracy: 0.469 ; loss: 0.699
2019-07-24 16:32:58,032:INFO: - Eval metrics : accuracy: 0.475 ; loss: 0.694
2019-07-24 16:32:59,025:INFO: Epoch 6/100
2019-07-24 16:33:37,179:INFO: - Train metrics: accuracy: 0.531 ; loss: 0.688
2019-07-24 16:33:41,551:INFO: - Eval metrics : accuracy: 0.469 ; loss: 0.699
2019-07-24 16:33:44,556:INFO: Epoch 7/100
2019-07-24 16:34:17,807:INFO: - Train metrics: accuracy: 0.625 ; loss: 0.691
2019-07-24 16:34:21,939:INFO: - Eval metrics : accuracy: 0.454 ; loss: 0.695
2019-07-24 16:34:23,966:INFO: Epoch 8/100
2019-07-24 16:34:56,123:INFO: - Train metrics: accuracy: 0.594 ; loss: 0.672
2019-07-24 16:35:00,926:INFO: - Eval metrics : accuracy: 0.490 ; loss: 0.696
2019-07-24 16:35:03,435:INFO: Epoch 9/100
2019-07-24 16:35:37,504:INFO: - Train metrics: accuracy: 0.562 ; loss: 0.679
2019-07-24 16:35:45,253:INFO: - Eval metrics : accuracy: 0.502 ; loss: 0.709
2019-07-24 16:35:48,854:INFO: Epoch 10/100
2019-07-24 16:36:25,885:INFO: - Train metrics: accuracy: 0.688 ; loss: 0.650
2019-07-24 16:36:31,065:INFO: - Eval metrics : accuracy: 0.481 ; loss: 0.695
2019-07-24 16:36:32,457:INFO: Epoch 11/100
2019-07-24 16:37:04,628:INFO: - Train metrics: accuracy: 0.469 ; loss: 0.705
2019-07-24 16:37:09,203:INFO: - Eval metrics : accuracy: 0.529 ; loss: 0.709
2019-07-24 16:37:12,171:INFO: - Found new best accuracy
2019-07-24 16:37:12,249:INFO: Epoch 12/100
2019-07-24 16:37:46,595:INFO: - Train metrics: accuracy: 0.500 ; loss: 0.678
2019-07-24 16:37:52,585:INFO: - Eval metrics : accuracy: 0.529 ; loss: 0.704
2019-07-24 16:37:55,137:INFO: - Found new best accuracy
2019-07-24 16:37:55,146:INFO: Epoch 13/100
